{"error":"column \"km_price_cents\" does not exist","item_type":"perishable","level":"error","message":"Error calculating total price","organization_id":"005","timestamp":"2024-04-23T08:20:09.009Z","total_distance":12,"zone":"central"}
{"error":"column \"fix_price_cents\" does not exist","item_type":"perishable","level":"error","message":"Error calculating total price","organization_id":"005","timestamp":"2024-04-23T08:22:50.845Z","total_distance":12,"zone":"central"}
{"error":"Pricing not found for the specified organization and zone","item_type":"perishable","level":"error","message":"Error calculating total price","organization_id":"005","timestamp":"2024-04-23T08:23:11.074Z","total_distance":12,"zone":"central"}
{"error":"Pricing not found for the specified organization and zone","item_type":"perishable","level":"error","message":"Error calculating total price","organization_id":"005","timestamp":"2024-04-23T08:25:55.649Z","total_distance":12,"zone":"central"}
{"error":"Pricing not found for the specified organization and zone","item_type":"perishable","level":"error","message":"Error calculating total price","organization_id":"005","timestamp":"2024-04-23T08:27:14.813Z","total_distance":12,"zone":"central"}
{"error":"Pricing not found for the specified organization and zone","item_type":"perishable","level":"error","message":"Error calculating total price","organization_id":"005","timestamp":"2024-04-23T08:27:34.335Z","total_distance":12,"zone":"central"}
{"error":"Pricing not found for the specified organization and zone","item_type":"perishable","level":"error","message":"Error calculating total price","organization_id":"005","timestamp":"2024-04-23T08:27:59.786Z","total_distance":12,"zone":"central"}
{"error":"Pricing not found for the specified organization and zone","item_type":"perishable","level":"error","message":"Error calculating total price","organization_id":"005","timestamp":"2024-04-23T08:28:17.178Z","total_distance":12,"zone":"central"}
{"error":"Pricing not found for the specified organization and zone","item_type":"perishable","level":"error","message":"Error calculating total price","organization_id":"005","timestamp":"2024-04-23T08:30:41.017Z","total_distance":12,"zone":"central"}
{"error":"Pricing not found for the specified organization and zone","item_type":"perishable","level":"error","message":"Error calculating total price","organization_id":"005","timestamp":"2024-04-23T08:33:15.274Z","total_distance":12,"zone":"central"}
{"error":"Pricing not found for the specified organization and zone","item_type":"perishable","level":"error","message":"Error calculating total price","organization_id":"005","timestamp":"2024-04-23T08:35:58.484Z","total_distance":12,"zone":"central"}
{"item_type":"perishable","level":"info","message":"Total price calculated successfully","organization_id":"003","timestamp":"2024-04-23T08:36:52.163Z","totalPrice":null,"total_distance":12,"zone":"central"}
{"item_type":"perishable","level":"info","message":"Total price calculated successfully","organization_id":"003","timestamp":"2024-04-23T08:37:25.338Z","totalPrice":null,"total_distance":12,"zone":"central"}
{"item_type":"perishable","level":"info","message":"Total price calculated successfully","organization_id":"003","timestamp":"2024-04-23T08:40:12.240Z","totalPrice":null,"total_distance":12,"zone":"central"}
{"item_type":"perishable","level":"info","message":"Total price calculated successfully","organization_id":"003","timestamp":"2024-04-23T08:41:00.426Z","totalPrice":null,"total_distance":12,"zone":"central"}
{"item_type":"perishable","level":"info","message":"Total price calculated successfully","organization_id":"003","timestamp":"2024-04-23T08:41:43.829Z","totalPrice":null,"total_distance":12,"zone":"central"}
{"item_type":"perishable","level":"info","message":"Total price calculated successfully","organization_id":"003","timestamp":"2024-04-23T08:42:44.060Z","totalPrice":null,"total_distance":12,"zone":"central"}
{"item_type":"perishable","level":"info","message":"Total price calculated successfully","organization_id":"003","timestamp":"2024-04-23T08:44:20.402Z","totalPrice":30.75,"total_distance":12,"zone":"central"}
{"item_type":"perishable","level":"info","message":"Total price calculated successfully","organization_id":"003","timestamp":"2024-04-23T08:46:22.902Z","totalPrice":30.75,"total_distance":"12","zone":"central"}
{"item_type":"perishable","level":"info","message":"Total price calculated successfully","organization_id":"003","timestamp":"2024-04-23T08:46:37.985Z","totalPrice":30.75,"total_distance":12,"zone":"central"}
{"item_type":"perishable","level":"info","message":"Total price calculated successfully","organization_id":"003","timestamp":"2024-04-23T08:46:40.498Z","totalPrice":30.75,"total_distance":12,"zone":"central"}
{"item_type":"perishable","level":"info","message":"Total price calculated successfully","organization_id":"003","timestamp":"2024-04-23T08:46:41.861Z","totalPrice":30.75,"total_distance":12,"zone":"central"}
{"item_type":"perishable","level":"info","message":"Total price calculated successfully","organization_id":"003","timestamp":"2024-04-23T08:47:09.307Z","totalPrice":26.25,"total_distance":10,"zone":"central"}
{"error":"Pricing not found for the specified organization and zone","item_type":"perishable","level":"error","message":"Error calculating total price","organization_id":"003","timestamp":"2024-04-23T08:47:37.656Z","total_distance":12,"zone":"centralxxd"}
{"error":"Pricing not found for the specified organization and zone","item_type":"perishable","level":"error","message":"Error calculating total price","organization_id":"008","timestamp":"2024-04-23T08:47:58.812Z","total_distance":12,"zone":"central"}
